#
# A fatal error has been detected by the Java Runtime Environment:
#
#  Internal Error (javaClasses.cpp:129), pid=3968, tid=8080
#  fatal error: Invalid layout of preloaded class
#
# JRE version: 7.0_09-b05
# Java VM: Java HotSpot(TM) Client VM (23.5-b02 mixed mode windows-x86 )
# Failed to write core dump. Minidumps are not enabled by default on client versions of Windows
#
# If you would like to submit a bug report, please visit:
#   http://bugreport.sun.com/bugreport/crash.jsp
#

---------------  T H R E A D  ---------------

Current thread (0x004bc000):  JavaThread "Unknown thread" [_thread_in_vm, id=8080, stack(0x004f0000,0x00540000)]

Stack: [0x004f0000,0x00540000],  sp=0x0053f79c,  free space=317k
Native frames: (J=compiled Java code, j=interpreted, Vv=VM code, C=native code)
V  [jvm.dll+0x16f2f1]
V  [jvm.dll+0x169496]
V  [jvm.dll+0x2082f]
V  [jvm.dll+0x208b6]
V  [jvm.dll+0x2e64d]
V  [jvm.dll+0x2e8f9]
V  [jvm.dll+0x77d01]
V  [jvm.dll+0x780bb]
V  [jvm.dll+0x1290e1]
V  [jvm.dll+0x149b8a]
V  [jvm.dll+0xa997f]
C  [javaw.exe+0x1359]
C  [javaw.exe+0x1dbb]
C  [javaw.exe+0xa0eb]
C  [javaw.exe+0xa175]
C  [KERNEL32.dll+0x133aa]  BaseThreadInitThunk+0x12
C  [ntdll.dll+0x39ef2]  RtlInitializeExceptionChain+0x63
C  [ntdll.dll+0x39ec5]  RtlInitializeExceptionChain+0x36


---------------  P R O C E S S  ---------------

Java Threads: ( => current thread )

Other Threads:

=>0x004bc000 (exited) JavaThread "Unknown thread" [_thread_in_vm, id=8080, stack(0x004f0000,0x00540000)]

VM state:not at safepoint (not fully initialized)

VM Mutex/Monitor currently owned by a thread: None

GC Heap History (0 events):
No events

Deoptimization events (0 events):
No events

Internal exceptions (0 events):
No events

Events (10 events):
Event: 0.609 loading class 0x00675950 done
Event: 0.610 loading class 0x006740f8 done
Event: 0.610 loading class 0x006740d0
Event: 0.610 loading class 0x006de428
Event: 0.611 loading class 0x006de428 done
Event: 0.611 loading class 0x006de460
Event: 0.611 loading class 0x006de460 done
Event: 0.611 loading class 0x006dd008
Event: 0.611 loading class 0x006dd008 done
Event: 0.611 loading class 0x006740d0 done


Dynamic libraries:
0x00140000 - 0x0016f000 	C:\Program Files (x86)\Java\jre7\bin\javaw.exe
0x76ef0000 - 0x77070000 	C:\Windows\SysWOW64\ntdll.dll
0x72390000 - 0x723cf000 	C:\Program Files\AVAST Software\Avast\snxhk.dll
0x75e90000 - 0x75fa0000 	C:\Windows\syswow64\KERNEL32.dll
0x76890000 - 0x768d7000 	C:\Windows\syswow64\KERNELBASE.dll
0x76900000 - 0x769a0000 	C:\Windows\syswow64\ADVAPI32.dll
0x762d0000 - 0x7637c000 	C:\Windows\syswow64\msvcrt.dll
0x74b60000 - 0x74b79000 	C:\Windows\SysWOW64\sechost.dll
0x769d0000 - 0x76ac0000 	C:\Windows\syswow64\RPCRT4.dll
0x74940000 - 0x749a0000 	C:\Windows\syswow64\SspiCli.dll
0x74930000 - 0x7493c000 	C:\Windows\syswow64\CRYPTBASE.dll
0x76790000 - 0x76890000 	C:\Windows\syswow64\USER32.dll
0x74e40000 - 0x74ed0000 	C:\Windows\syswow64\GDI32.dll
0x766e0000 - 0x766ea000 	C:\Windows\syswow64\LPK.dll
0x75fa0000 - 0x7603d000 	C:\Windows\syswow64\USP10.dll
0x728c0000 - 0x72a5e000 	C:\Windows\WinSxS\x86_microsoft.windows.common-controls_6595b64144ccf1df_6.0.7601.17514_none_41e6975e2bd6f2b2\COMCTL32.dll
0x76260000 - 0x762b7000 	C:\Windows\syswow64\SHLWAPI.dll
0x76550000 - 0x765b0000 	C:\Windows\system32\IMM32.DLL
0x75030000 - 0x750fc000 	C:\Windows\syswow64\MSCTF.dll
0x55ec0000 - 0x55f7e000 	C:\Program Files (x86)\Java\jre7\bin\msvcr100.dll
0x5db80000 - 0x5decd000 	C:\Program Files (x86)\Java\jre7\bin\client\jvm.dll
0x743a0000 - 0x743a7000 	C:\Windows\system32\WSOCK32.dll
0x74c60000 - 0x74c95000 	C:\Windows\syswow64\WS2_32.dll
0x76250000 - 0x76256000 	C:\Windows\syswow64\NSI.dll
0x72760000 - 0x72792000 	C:\Windows\system32\WINMM.dll
0x765b0000 - 0x765b5000 	C:\Windows\syswow64\PSAPI.DLL
0x726d0000 - 0x726dc000 	C:\Program Files (x86)\Java\jre7\bin\verify.dll
0x6d080000 - 0x6d0a0000 	C:\Program Files (x86)\Java\jre7\bin\java.dll
0x60440000 - 0x6046a000 	C:\Program Files (x86)\Java\jre7\bin\jdwp.dll
0x73940000 - 0x73947000 	C:\Program Files (x86)\Java\jre7\bin\npt.dll
0x6d0a0000 - 0x6d0b3000 	C:\Program Files (x86)\Java\jre7\bin\zip.dll
0x5eeb0000 - 0x5ef9b000 	C:\Windows\system32\dbghelp.dll

VM Arguments:
jvm_args: -agentlib:jdwp=transport=dt_socket,suspend=y,address=localhost:53275 -Dvce.launchers=org.eclipse.ve.internal.java.vce.launcher.remotevm.JFCLauncher -Dvce.launcher.class=br.com.gv8.yeschamix.activity.FamiliasActivity -Dfile.encoding=Cp1252 -Xbootclasspath:C:\V8SOFT\FERRAMENTAS\ANDROID DEV\ANDROID DEV\Desenvolvimento\android-sdk\platforms\android-14\android.jar 
java_command: org.eclipse.ve.internal.java.vce.launcher.remotevm.JavaBeansLauncher
Launcher Type: SUN_STANDARD

Environment Variables:
JAVA_HOME=C:\V8SOFT\FERRAMENTAS\jdk_instaled\JDK_7
PATH=C:/Program Files (x86)/Java/jre7/bin/client;C:/Program Files (x86)/Java/jre7/bin;C:/Program Files (x86)/Java/jre7/lib/i386;C:\V8SOFT\FERRAMENTAS\apache-maven-3.0.3\apache-maven-3.0.3\bin;C:\Program Files (x86)\Intel\iCLS Client\;C:\Program Files\Intel\iCLS Client\;C:\Program Files\Common Files\Microsoft Shared\Windows Live;C:\Program Files (x86)\Common Files\Microsoft Shared\Windows Live;C:\Windows\system32;C:\Windows;C:\Windows\System32\Wbem;C:\Windows\System32\WindowsPowerShell\v1.0\;C:\Program Files (x86)\Windows Live\Shared;C:\Program Files (x86)\EgisTec MyWinLocker\x64;C:\Program Files (x86)\EgisTec MyWinLocker\;C:\Program Files (x86)\Intel\OpenCL SDK\2.0\bin\x86;C:\Program Files (x86)\Intel\OpenCL SDK\2.0\bin\x64;C:\Program Files\Intel\Intel(R) Management Engine Components\DAL;C:\Program Files\Intel\Intel(R) Management Engine Components\IPT;C:\Program Files (x86)\Intel\Intel(R) Management Engine Components\DAL;C:\Program Files (x86)\Intel\Intel(R) Management Engine Components\IPT;C:\Program Files (x86)\Microsoft SQL Server\110\Tools\Binn\;C:\Program Files (x86)\Microsoft SQL Server\110\DTS\Binn\;C:\Program Files (x86)\Microsoft SQL Server\110\Tools\Binn\ManagementStudio\;C:\V8SOFT\FERRAMENTAS\jdk_instaled\JDK_7\bin;C:\Users\Bruno Pelogia\Documents\ANDROID\adt-bundle-windows-x86_64\sdk\platform-tools;C:\Users\Bruno Pelogia\Documents\ANDROID\adt-bundle-windows-x86_64\sdk\tools;C:\Program Files\TortoiseSVN\bin;C:\V8SOFT\FERRAMENTAS\TOMCAT\apache-tomcat-7.0.32_64bits\bin;C:\V8SOFT\FERRAMENTAS\ANDROID DEV\ANDROID DEV\Desenvolvimento\eclipse - HELIOS - Visual - Maven2 - Androide;
USERNAME=Bruno Pelogia
OS=Windows_NT
PROCESSOR_IDENTIFIER=Intel64 Family 6 Model 42 Stepping 7, GenuineIntel



---------------  S Y S T E M  ---------------

OS: Windows 7 , 64 bit Build 7601 Service Pack 1

CPU:total 4 (2 cores per cpu, 2 threads per core) family 6 model 42 stepping 7, cmov, cx8, fxsr, mmx, sse, sse2, sse3, ssse3, sse4.1, sse4.2, popcnt, avx, ht, tsc, tscinvbit

Memory: 4k page, physical 4026736k(1037060k free), swap 8051612k(3073980k free)

vm_info: Java HotSpot(TM) Client VM (23.5-b02) for windows-x86 JRE (1.7.0_09-b05), built on Sep 24 2012 22:01:33 by "java_re" with unknown MS VC++:1600

time: Mon Jul 15 17:37:36 2013
elapsed time: 0 seconds

