#
# A fatal error has been detected by the Java Runtime Environment:
#
#  Internal Error (javaClasses.cpp:129), pid=13120, tid=12304
#  fatal error: Invalid layout of preloaded class
#
# JRE version: 7.0_21-b11
# Java VM: Java HotSpot(TM) 64-Bit Server VM (23.21-b01 mixed mode windows-amd64 compressed oops)
# Failed to write core dump. Minidumps are not enabled by default on client versions of Windows
#
# If you would like to submit a bug report, please visit:
#   http://bugreport.sun.com/bugreport/crash.jsp
#

---------------  T H R E A D  ---------------

Current thread (0x000000000049f800):  JavaThread "Unknown thread" [_thread_in_vm, id=12304, stack(0x0000000002160000,0x0000000002260000)]

Stack: [0x0000000002160000,0x0000000002260000]

---------------  P R O C E S S  ---------------

Java Threads: ( => current thread )

Other Threads:

=>0x000000000049f800 (exited) JavaThread "Unknown thread" [_thread_in_vm, id=12304, stack(0x0000000002160000,0x0000000002260000)]

VM state:not at safepoint (not fully initialized)

VM Mutex/Monitor currently owned by a thread: None

GC Heap History (0 events):
No events

Deoptimization events (0 events):
No events

Internal exceptions (0 events):
No events

Events (10 events):
Event: 0.417 loading class 0x0000000001f919f0 done
Event: 0.417 loading class 0x0000000001f53a30 done
Event: 0.417 loading class 0x0000000001f53a00
Event: 0.417 loading class 0x0000000001f9f6e0
Event: 0.417 loading class 0x0000000001f9f6e0 done
Event: 0.417 loading class 0x0000000001f9f720
Event: 0.417 loading class 0x0000000001f9f720 done
Event: 0.417 loading class 0x000000000873cfd0
Event: 0.417 loading class 0x000000000873cfd0 done
Event: 0.418 loading class 0x0000000001f53a00 done


Dynamic libraries:
0x000000013f9b0000 - 0x000000013f9e3000 	C:\CURSO JAVA AVANCADO\CURSOS\JAVA\FERRAMENTAS\jdk1.7.0_21_64b\bin\javaw.exe
0x0000000077440000 - 0x00000000775e9000 	C:\Windows\SYSTEM32\ntdll.dll
0x0000000072a70000 - 0x0000000072abd000 	C:\Program Files\AVAST Software\Avast\snxhk64.dll
0x0000000077220000 - 0x000000007733f000 	C:\Windows\system32\KERNEL32.dll
0x000007fefd590000 - 0x000007fefd5fb000 	C:\Windows\system32\KERNELBASE.dll
0x000007fefed90000 - 0x000007fefee6b000 	C:\Windows\system32\ADVAPI32.dll
0x000007fefde50000 - 0x000007fefdeef000 	C:\Windows\system32\msvcrt.dll
0x000007feff610000 - 0x000007feff62f000 	C:\Windows\SYSTEM32\sechost.dll
0x000007fefefd0000 - 0x000007feff0fd000 	C:\Windows\system32\RPCRT4.dll
0x0000000077340000 - 0x000000007743a000 	C:\Windows\system32\USER32.dll
0x000007fefd6f0000 - 0x000007fefd757000 	C:\Windows\system32\GDI32.dll
0x000007fefd650000 - 0x000007fefd65e000 	C:\Windows\system32\LPK.dll
0x000007feff630000 - 0x000007feff6f9000 	C:\Windows\system32\USP10.dll
0x000007fefbca0000 - 0x000007fefbe94000 	C:\Windows\WinSxS\amd64_microsoft.windows.common-controls_6595b64144ccf1df_6.0.7601.17514_none_fa396087175ac9ac\COMCTL32.dll
0x000007fefd670000 - 0x000007fefd6e1000 	C:\Windows\system32\SHLWAPI.dll
0x000007fefd760000 - 0x000007fefd78e000 	C:\Windows\system32\IMM32.DLL
0x000007fefdef0000 - 0x000007fefdff9000 	C:\Windows\system32\MSCTF.dll
0x0000000065000000 - 0x00000000650d1000 	C:\CURSO JAVA AVANCADO\CURSOS\JAVA\FERRAMENTAS\jdk1.7.0_21_64b\jre\bin\msvcr100.dll
0x00000000581e0000 - 0x0000000058901000 	C:\CURSO JAVA AVANCADO\CURSOS\JAVA\FERRAMENTAS\jdk1.7.0_21_64b\jre\bin\server\jvm.dll
0x000007fef9a60000 - 0x000007fef9a69000 	C:\Windows\system32\WSOCK32.dll
0x000007feff700000 - 0x000007feff74d000 	C:\Windows\system32\WS2_32.dll
0x000007fefd660000 - 0x000007fefd668000 	C:\Windows\system32\NSI.dll
0x000007fef53b0000 - 0x000007fef53eb000 	C:\Windows\system32\WINMM.dll
0x0000000077600000 - 0x0000000077607000 	C:\Windows\system32\PSAPI.DLL
0x00000000742f0000 - 0x00000000742ff000 	C:\CURSO JAVA AVANCADO\CURSOS\JAVA\FERRAMENTAS\jdk1.7.0_21_64b\jre\bin\verify.dll
0x0000000073e00000 - 0x0000000073e28000 	C:\CURSO JAVA AVANCADO\CURSOS\JAVA\FERRAMENTAS\jdk1.7.0_21_64b\jre\bin\java.dll
0x0000000067a30000 - 0x0000000067a65000 	C:\CURSO JAVA AVANCADO\CURSOS\JAVA\FERRAMENTAS\jdk1.7.0_21_64b\jre\bin\jdwp.dll
0x0000000074300000 - 0x0000000074308000 	C:\CURSO JAVA AVANCADO\CURSOS\JAVA\FERRAMENTAS\jdk1.7.0_21_64b\jre\bin\npt.dll
0x00000000742d0000 - 0x00000000742e5000 	C:\CURSO JAVA AVANCADO\CURSOS\JAVA\FERRAMENTAS\jdk1.7.0_21_64b\jre\bin\zip.dll

VM Arguments:
jvm_args: -agentlib:jdwp=transport=dt_socket,suspend=y,address=localhost:61769 -Dvce.launchers=org.eclipse.ve.internal.java.vce.launcher.remotevm.JFCLauncher -Dvce.launcher.class=br.com.gv8.yeschamix.activity.InicialActivity -Dfile.encoding=Cp1252 -Xbootclasspath:C:\V8SOFT\FERRAMENTAS\ANDROID DEV\ANDROID DEV\Desenvolvimento\android-sdk\platforms\android-11\android.jar 
java_command: org.eclipse.ve.internal.java.vce.launcher.remotevm.JavaBeansLauncher
Launcher Type: SUN_STANDARD

Environment Variables:
JAVA_HOME=C:\V8SOFT\FERRAMENTAS\jdk_instaled\JDK_7
PATH=C:\CURSO JAVA AVANCADO\CURSOS\JAVA\FERRAMENTAS\jdk1.7.0_21_64b\jre\bin;C:/Program Files (x86)/Java/jre7/bin/client;C:/Program Files (x86)/Java/jre7/bin;C:/Program Files (x86)/Java/jre7/lib/i386;C:\V8SOFT\FERRAMENTAS\apache-maven-3.0.3\apache-maven-3.0.3\bin;C:\Program Files (x86)\Intel\iCLS Client\;C:\Program Files\Intel\iCLS Client\;C:\Program Files\Common Files\Microsoft Shared\Windows Live;C:\Program Files (x86)\Common Files\Microsoft Shared\Windows Live;C:\Windows\system32;C:\Windows;C:\Windows\System32\Wbem;C:\Windows\System32\WindowsPowerShell\v1.0\;C:\Program Files (x86)\Windows Live\Shared;C:\Program Files (x86)\EgisTec MyWinLocker\x64;C:\Program Files (x86)\EgisTec MyWinLocker\;C:\Program Files (x86)\Intel\OpenCL SDK\2.0\bin\x86;C:\Program Files (x86)\Intel\OpenCL SDK\2.0\bin\x64;C:\Program Files\Intel\Intel(R) Management Engine Components\DAL;C:\Program Files\Intel\Intel(R) Management Engine Components\IPT;C:\Program Files (x86)\Intel\Intel(R) Management Engine Components\DAL;C:\Program Files (x86)\Intel\Intel(R) Management Engine Components\IPT;C:\Program Files (x86)\Microsoft SQL Server\110\Tools\Binn\;C:\Program Files (x86)\Microsoft SQL Server\110\DTS\Binn\;C:\Program Files (x86)\Microsoft SQL Server\110\Tools\Binn\ManagementStudio\;C:\V8SOFT\FERRAMENTAS\jdk_instaled\JDK_7\bin;C:\Users\Bruno Pelogia\Documents\ANDROID\adt-bundle-windows-x86_64\sdk\platform-tools;C:\Users\Bruno Pelogia\Documents\ANDROID\adt-bundle-windows-x86_64\sdk\tools;C:\Program Files\TortoiseSVN\bin;C:\V8SOFT\FERRAMENTAS\TOMCAT\apache-tomcat-7.0.32_64bits\bin;C:\V8SOFT\FERRAMENTAS\ANDROID DEV\ANDROID DEV\Desenvolvimento\eclipse - HELIOS - Visual - Maven2 - Androide;
USERNAME=Bruno Pelogia
OS=Windows_NT
PROCESSOR_IDENTIFIER=Intel64 Family 6 Model 42 Stepping 7, GenuineIntel



---------------  S Y S T E M  ---------------

OS: Windows 7 , 64 bit Build 7601 Service Pack 1

CPU:total 4 (2 cores per cpu, 2 threads per core) family 6 model 42 stepping 7, cmov, cx8, fxsr, mmx, sse, sse2, sse3, ssse3, sse4.1, sse4.2, popcnt, avx, ht, tsc, tscinvbit

Memory: 4k page, physical 4026736k(857092k free), swap 8051612k(2856720k free)

vm_info: Java HotSpot(TM) 64-Bit Server VM (23.21-b01) for windows-amd64 JRE (1.7.0_21-b11), built on Apr  4 2013 08:11:28 by "java_re" with unknown MS VC++:1600

time: Thu Aug 15 16:13:25 2013
elapsed time: 0 seconds

