#
# A fatal error has been detected by the Java Runtime Environment:
#
#  Internal Error (javaClasses.cpp:129), pid=47924, tid=56440
#  fatal error: Invalid layout of preloaded class
#
# JRE version: 7.0_21-b11
# Java VM: Java HotSpot(TM) 64-Bit Server VM (23.21-b01 mixed mode windows-amd64 compressed oops)
# Failed to write core dump. Minidumps are not enabled by default on client versions of Windows
#
# If you would like to submit a bug report, please visit:
#   http://bugreport.sun.com/bugreport/crash.jsp
#

---------------  T H R E A D  ---------------

Current thread (0x000000000060f800):  JavaThread "Unknown thread" [_thread_in_vm, id=56440, stack(0x0000000002620000,0x0000000002720000)]

Stack: [0x0000000002620000,0x0000000002720000]

---------------  P R O C E S S  ---------------

Java Threads: ( => current thread )

Other Threads:

=>0x000000000060f800 (exited) JavaThread "Unknown thread" [_thread_in_vm, id=56440, stack(0x0000000002620000,0x0000000002720000)]

VM state:not at safepoint (not fully initialized)

VM Mutex/Monitor currently owned by a thread: None

GC Heap History (0 events):
No events

Deoptimization events (0 events):
No events

Internal exceptions (0 events):
No events

Events (10 events):
Event: 0.531 loading class 0x00000000025019f0 done
Event: 0.531 loading class 0x00000000024c3a30 done
Event: 0.531 loading class 0x00000000024c3a00
Event: 0.532 loading class 0x000000000250f6e0
Event: 0.532 loading class 0x000000000250f6e0 done
Event: 0.532 loading class 0x000000000250f720
Event: 0.532 loading class 0x000000000250f720 done
Event: 0.532 loading class 0x0000000008a4cfd0
Event: 0.532 loading class 0x0000000008a4cfd0 done
Event: 0.532 loading class 0x00000000024c3a00 done


Dynamic libraries:
0x000000013fac0000 - 0x000000013faf3000 	C:\CURSO JAVA AVANCADO\CURSOS\JAVA\FERRAMENTAS\jdk1.7.0_21_64b\bin\javaw.exe
0x0000000077640000 - 0x00000000777e9000 	C:\Windows\SYSTEM32\ntdll.dll
0x00000000714a0000 - 0x00000000714ed000 	C:\Program Files\AVAST Software\Avast\snxhk64.dll
0x0000000077520000 - 0x000000007763f000 	C:\Windows\system32\KERNEL32.dll
0x000007fefd4d0000 - 0x000007fefd53b000 	C:\Windows\system32\KERNELBASE.dll
0x000007fefeb20000 - 0x000007fefebfb000 	C:\Windows\system32\ADVAPI32.dll
0x000007fefeee0000 - 0x000007fefef7f000 	C:\Windows\system32\msvcrt.dll
0x000007feff210000 - 0x000007feff22f000 	C:\Windows\SYSTEM32\sechost.dll
0x000007fefe9f0000 - 0x000007fefeb1d000 	C:\Windows\system32\RPCRT4.dll
0x0000000077420000 - 0x000000007751a000 	C:\Windows\system32\USER32.dll
0x000007feff8e0000 - 0x000007feff947000 	C:\Windows\system32\GDI32.dll
0x000007fefe9e0000 - 0x000007fefe9ee000 	C:\Windows\system32\LPK.dll
0x000007fefec00000 - 0x000007fefecc9000 	C:\Windows\system32\USP10.dll
0x000007fefc040000 - 0x000007fefc234000 	C:\Windows\WinSxS\amd64_microsoft.windows.common-controls_6595b64144ccf1df_6.0.7601.17514_none_fa396087175ac9ac\COMCTL32.dll
0x000007feff670000 - 0x000007feff6e1000 	C:\Windows\system32\SHLWAPI.dll
0x000007feff000000 - 0x000007feff02e000 	C:\Windows\system32\IMM32.DLL
0x000007feff7d0000 - 0x000007feff8d9000 	C:\Windows\system32\MSCTF.dll
0x0000000065d20000 - 0x0000000065df1000 	C:\CURSO JAVA AVANCADO\CURSOS\JAVA\FERRAMENTAS\jdk1.7.0_21_64b\jre\bin\msvcr100.dll
0x00000000517f0000 - 0x0000000051f11000 	C:\CURSO JAVA AVANCADO\CURSOS\JAVA\FERRAMENTAS\jdk1.7.0_21_64b\jre\bin\server\jvm.dll
0x000007fef8b60000 - 0x000007fef8b69000 	C:\Windows\system32\WSOCK32.dll
0x000007fefd850000 - 0x000007fefd89d000 	C:\Windows\system32\WS2_32.dll
0x000007fefee30000 - 0x000007fefee38000 	C:\Windows\system32\NSI.dll
0x000007fefb480000 - 0x000007fefb4bb000 	C:\Windows\system32\WINMM.dll
0x0000000077810000 - 0x0000000077817000 	C:\Windows\system32\PSAPI.DLL
0x0000000074450000 - 0x000000007445f000 	C:\CURSO JAVA AVANCADO\CURSOS\JAVA\FERRAMENTAS\jdk1.7.0_21_64b\jre\bin\verify.dll
0x00000000738a0000 - 0x00000000738c8000 	C:\CURSO JAVA AVANCADO\CURSOS\JAVA\FERRAMENTAS\jdk1.7.0_21_64b\jre\bin\java.dll
0x0000000062810000 - 0x0000000062845000 	C:\CURSO JAVA AVANCADO\CURSOS\JAVA\FERRAMENTAS\jdk1.7.0_21_64b\jre\bin\jdwp.dll
0x0000000074630000 - 0x0000000074638000 	C:\CURSO JAVA AVANCADO\CURSOS\JAVA\FERRAMENTAS\jdk1.7.0_21_64b\jre\bin\npt.dll
0x0000000073f00000 - 0x0000000073f15000 	C:\CURSO JAVA AVANCADO\CURSOS\JAVA\FERRAMENTAS\jdk1.7.0_21_64b\jre\bin\zip.dll

VM Arguments:
jvm_args: -agentlib:jdwp=transport=dt_socket,suspend=y,address=localhost:53722 -Dvce.launchers=org.eclipse.ve.internal.java.vce.launcher.remotevm.JFCLauncher -Dvce.launcher.class=br.com.gv8.yeschamix.activity.FamiliasActivity -Dfile.encoding=Cp1252 -Xbootclasspath:C:\V8SOFT\FERRAMENTAS\ANDROID DEV\ANDROID DEV\Desenvolvimento\android-sdk\platforms\android-11\android.jar 
java_command: org.eclipse.ve.internal.java.vce.launcher.remotevm.JavaBeansLauncher
Launcher Type: SUN_STANDARD

Environment Variables:
JAVA_HOME=C:\V8SOFT\FERRAMENTAS\jdk_instaled\JDK_7
PATH=C:\CURSO JAVA AVANCADO\CURSOS\JAVA\FERRAMENTAS\jdk1.7.0_21_64b\jre\bin;C:/Program Files (x86)/Java/jre7/bin/client;C:/Program Files (x86)/Java/jre7/bin;C:/Program Files (x86)/Java/jre7/lib/i386;C:\V8SOFT\FERRAMENTAS\apache-maven-3.0.3\apache-maven-3.0.3\bin;C:\Program Files (x86)\Intel\iCLS Client\;C:\Program Files\Intel\iCLS Client\;C:\Program Files\Common Files\Microsoft Shared\Windows Live;C:\Program Files (x86)\Common Files\Microsoft Shared\Windows Live;C:\Windows\system32;C:\Windows;C:\Windows\System32\Wbem;C:\Windows\System32\WindowsPowerShell\v1.0\;C:\Program Files (x86)\Windows Live\Shared;C:\Program Files (x86)\EgisTec MyWinLocker\x64;C:\Program Files (x86)\EgisTec MyWinLocker\;C:\Program Files (x86)\Intel\OpenCL SDK\2.0\bin\x86;C:\Program Files (x86)\Intel\OpenCL SDK\2.0\bin\x64;C:\Program Files\Intel\Intel(R) Management Engine Components\DAL;C:\Program Files\Intel\Intel(R) Management Engine Components\IPT;C:\Program Files (x86)\Intel\Intel(R) Management Engine Components\DAL;C:\Program Files (x86)\Intel\Intel(R) Management Engine Components\IPT;C:\Program Files (x86)\Microsoft SQL Server\110\Tools\Binn\;C:\Program Files (x86)\Microsoft SQL Server\110\DTS\Binn\;C:\Program Files (x86)\Microsoft SQL Server\110\Tools\Binn\ManagementStudio\;C:\V8SOFT\FERRAMENTAS\jdk_instaled\JDK_7\bin;C:\Users\Bruno Pelogia\Documents\ANDROID\adt-bundle-windows-x86_64\sdk\platform-tools;C:\Users\Bruno Pelogia\Documents\ANDROID\adt-bundle-windows-x86_64\sdk\tools;C:\Program Files\TortoiseSVN\bin;C:\V8SOFT\FERRAMENTAS\TOMCAT\apache-tomcat-7.0.32_64bits\bin;C:\V8SOFT\FERRAMENTAS\ANDROID DEV\ANDROID DEV\Desenvolvimento\eclipse - HELIOS - Visual - Maven2 - Androide;
USERNAME=Bruno Pelogia
OS=Windows_NT
PROCESSOR_IDENTIFIER=Intel64 Family 6 Model 42 Stepping 7, GenuineIntel



---------------  S Y S T E M  ---------------

OS: Windows 7 , 64 bit Build 7601 Service Pack 1

CPU:total 4 (2 cores per cpu, 2 threads per core) family 6 model 42 stepping 7, cmov, cx8, fxsr, mmx, sse, sse2, sse3, ssse3, sse4.1, sse4.2, popcnt, avx, ht, tsc, tscinvbit

Memory: 4k page, physical 4026736k(988244k free), swap 8051612k(2354456k free)

vm_info: Java HotSpot(TM) 64-Bit Server VM (23.21-b01) for windows-amd64 JRE (1.7.0_21-b11), built on Apr  4 2013 08:11:28 by "java_re" with unknown MS VC++:1600

time: Wed Aug 14 17:12:15 2013
elapsed time: 0 seconds

