#
# A fatal error has been detected by the Java Runtime Environment:
#
#  Internal Error (javaClasses.cpp:129), pid=13368, tid=21096
#  fatal error: Invalid layout of preloaded class
#
# JRE version: 7.0_09-b05
# Java VM: Java HotSpot(TM) Client VM (23.5-b02 mixed mode windows-x86 )
# Failed to write core dump. Minidumps are not enabled by default on client versions of Windows
#
# If you would like to submit a bug report, please visit:
#   http://bugreport.sun.com/bugreport/crash.jsp
#

---------------  T H R E A D  ---------------

Current thread (0x0088b800):  JavaThread "Unknown thread" [_thread_in_vm, id=21096, stack(0x009d0000,0x00a20000)]

Stack: [0x009d0000,0x00a20000],  sp=0x00a1fa3c,  free space=318k
Native frames: (J=compiled Java code, j=interpreted, Vv=VM code, C=native code)
V  [jvm.dll+0x16f2f1]
V  [jvm.dll+0x169496]
V  [jvm.dll+0x2082f]
V  [jvm.dll+0x208b6]
V  [jvm.dll+0x2e64d]
V  [jvm.dll+0x2e8f9]
V  [jvm.dll+0x77d01]
V  [jvm.dll+0x780bb]
V  [jvm.dll+0x1290e1]
V  [jvm.dll+0x149b8a]
V  [jvm.dll+0xa997f]
C  [javaw.exe+0x1359]
C  [javaw.exe+0x1dbb]
C  [javaw.exe+0xa0eb]
C  [javaw.exe+0xa175]
C  [KERNEL32.dll+0x133aa]  BaseThreadInitThunk+0x12
C  [ntdll.dll+0x39ef2]  RtlInitializeExceptionChain+0x63
C  [ntdll.dll+0x39ec5]  RtlInitializeExceptionChain+0x36


---------------  P R O C E S S  ---------------

Java Threads: ( => current thread )

Other Threads:

=>0x0088b800 (exited) JavaThread "Unknown thread" [_thread_in_vm, id=21096, stack(0x009d0000,0x00a20000)]

VM state:not at safepoint (not fully initialized)

VM Mutex/Monitor currently owned by a thread: None

GC Heap History (0 events):
No events

Deoptimization events (0 events):
No events

Internal exceptions (0 events):
No events

Events (10 events):
Event: 0.010 loading class 0x008f4510 done
Event: 0.010 loading class 0x008f3148 done
Event: 0.010 loading class 0x008f3120
Event: 0.011 loading class 0x00967700
Event: 0.011 loading class 0x00967700 done
Event: 0.011 loading class 0x00967738
Event: 0.011 loading class 0x00967738 done
Event: 0.011 loading class 0x0095ce58
Event: 0.011 loading class 0x0095ce58 done
Event: 0.011 loading class 0x008f3120 done


Dynamic libraries:
0x00e00000 - 0x00e2f000 	C:\Program Files (x86)\Java\jre7\bin\javaw.exe
0x778e0000 - 0x77a60000 	C:\Windows\SysWOW64\ntdll.dll
0x6ec10000 - 0x6ec4f000 	C:\Program Files\AVAST Software\Avast\snxhk.dll
0x76ea0000 - 0x76fb0000 	C:\Windows\syswow64\KERNEL32.dll
0x75750000 - 0x75797000 	C:\Windows\syswow64\KERNELBASE.dll
0x76590000 - 0x76630000 	C:\Windows\syswow64\ADVAPI32.dll
0x76b80000 - 0x76c2c000 	C:\Windows\syswow64\msvcrt.dll
0x76690000 - 0x766a9000 	C:\Windows\SysWOW64\sechost.dll
0x76d70000 - 0x76e60000 	C:\Windows\syswow64\RPCRT4.dll
0x75330000 - 0x75390000 	C:\Windows\syswow64\SspiCli.dll
0x75320000 - 0x7532c000 	C:\Windows\syswow64\CRYPTBASE.dll
0x75650000 - 0x75750000 	C:\Windows\syswow64\USER32.dll
0x769c0000 - 0x76a50000 	C:\Windows\syswow64\GDI32.dll
0x763f0000 - 0x763fa000 	C:\Windows\syswow64\LPK.dll
0x772e0000 - 0x7737d000 	C:\Windows\syswow64\USP10.dll
0x6abe0000 - 0x6ad7e000 	C:\Windows\WinSxS\x86_microsoft.windows.common-controls_6595b64144ccf1df_6.0.7601.17514_none_41e6975e2bd6f2b2\COMCTL32.dll
0x76630000 - 0x76687000 	C:\Windows\syswow64\SHLWAPI.dll
0x76c80000 - 0x76ce0000 	C:\Windows\system32\IMM32.DLL
0x75580000 - 0x7564c000 	C:\Windows\syswow64\MSCTF.dll
0x64860000 - 0x6491e000 	C:\Program Files (x86)\Java\jre7\bin\msvcr100.dll
0x5e930000 - 0x5ec7d000 	C:\Program Files (x86)\Java\jre7\bin\client\jvm.dll
0x74d90000 - 0x74d97000 	C:\Windows\system32\WSOCK32.dll
0x76e60000 - 0x76e95000 	C:\Windows\syswow64\WS2_32.dll
0x766b0000 - 0x766b6000 	C:\Windows\syswow64\NSI.dll
0x73d60000 - 0x73d92000 	C:\Windows\system32\WINMM.dll
0x75550000 - 0x75555000 	C:\Windows\syswow64\PSAPI.DLL
0x6a950000 - 0x6a95c000 	C:\Program Files (x86)\Java\jre7\bin\verify.dll
0x6a8b0000 - 0x6a8d0000 	C:\Program Files (x86)\Java\jre7\bin\java.dll
0x6a8d0000 - 0x6a8e3000 	C:\Program Files (x86)\Java\jre7\bin\zip.dll
0x63d40000 - 0x63e2b000 	C:\Windows\system32\dbghelp.dll

VM Arguments:
jvm_args: -Dfile.encoding=Cp1252 -Xbootclasspath:C:\V8SOFT\FERRAMENTAS\ANDROID DEV\ANDROID DEV\Desenvolvimento\android-sdk\platforms\android-16\android.jar 
java_command: br.com.gv8.yeschamix.util.YesChamixUtils
Launcher Type: SUN_STANDARD

Environment Variables:
JAVA_HOME=C:\V8SOFT\FERRAMENTAS\jdk_instaled\JDK_7
PATH=C:/Program Files (x86)/Java/jre7/bin/client;C:/Program Files (x86)/Java/jre7/bin;C:/Program Files (x86)/Java/jre7/lib/i386;C:\V8SOFT\FERRAMENTAS\apache-maven-3.0.3\apache-maven-3.0.3\bin;C:\Program Files (x86)\Intel\iCLS Client\;C:\Program Files\Intel\iCLS Client\;C:\Program Files\Common Files\Microsoft Shared\Windows Live;C:\Program Files (x86)\Common Files\Microsoft Shared\Windows Live;C:\Windows\system32;C:\Windows;C:\Windows\System32\Wbem;C:\Windows\System32\WindowsPowerShell\v1.0\;C:\Program Files (x86)\Windows Live\Shared;C:\Program Files (x86)\EgisTec MyWinLocker\x64;C:\Program Files (x86)\EgisTec MyWinLocker\;C:\Program Files (x86)\Intel\OpenCL SDK\2.0\bin\x86;C:\Program Files (x86)\Intel\OpenCL SDK\2.0\bin\x64;C:\Program Files\Intel\Intel(R) Management Engine Components\DAL;C:\Program Files\Intel\Intel(R) Management Engine Components\IPT;C:\Program Files (x86)\Intel\Intel(R) Management Engine Components\DAL;C:\Program Files (x86)\Intel\Intel(R) Management Engine Components\IPT;C:\Program Files (x86)\Microsoft SQL Server\110\Tools\Binn\;C:\Program Files (x86)\Microsoft SQL Server\110\DTS\Binn\;C:\Program Files (x86)\Microsoft SQL Server\110\Tools\Binn\ManagementStudio\;C:\V8SOFT\FERRAMENTAS\jdk_instaled\JDK_7\bin;C:\Users\Bruno Pelogia\Documents\ANDROID\adt-bundle-windows-x86_64\sdk\platform-tools;C:\Users\Bruno Pelogia\Documents\ANDROID\adt-bundle-windows-x86_64\sdk\tools;C:\Program Files\TortoiseSVN\bin;C:\V8SOFT\FERRAMENTAS\TOMCAT\apache-tomcat-7.0.32_64bits\bin;C:\V8SOFT\FERRAMENTAS\ANDROID DEV\ANDROID DEV\Desenvolvimento\eclipse - HELIOS - Visual - Maven2 - Androide;
USERNAME=Bruno Pelogia
OS=Windows_NT
PROCESSOR_IDENTIFIER=Intel64 Family 6 Model 42 Stepping 7, GenuineIntel



---------------  S Y S T E M  ---------------

OS: Windows 7 , 64 bit Build 7601 Service Pack 1

CPU:total 4 (2 cores per cpu, 2 threads per core) family 6 model 42 stepping 7, cmov, cx8, fxsr, mmx, sse, sse2, sse3, ssse3, sse4.1, sse4.2, popcnt, avx, ht, tsc, tscinvbit

Memory: 4k page, physical 4026736k(1795224k free), swap 8051612k(4332084k free)

vm_info: Java HotSpot(TM) Client VM (23.5-b02) for windows-x86 JRE (1.7.0_09-b05), built on Sep 24 2012 22:01:33 by "java_re" with unknown MS VC++:1600

time: Thu Jun 13 14:27:44 2013
elapsed time: 0 seconds

